This is pdfTeX, Version 3.14159265-2.6-1.40.20 (MiKTeX 2.9.7140 64-bit) (preloaded format=pdflatex 2019.9.14)  13 NOV 2019 06:24
entering extended mode
**C:/Users/michal/Documents/GitHub/szopinski-eads/docs/report.tex
(C:/Users/michal/Documents/GitHub/szopinski-eads/docs/report.tex
LaTeX2e <2018-12-01>
(D:\Programy\MiKTeX\tex/latex/base\article.cls
Document Class: article 2018/09/03 v1.4i Standard LaTeX document class
(D:\Programy\MiKTeX\tex/latex/base\size10.clo
File: size10.clo 2018/09/03 v1.4i Standard LaTeX file (size option)
)
\c@part=\count80
\c@section=\count81
\c@subsection=\count82
\c@subsubsection=\count83
\c@paragraph=\count84
\c@subparagraph=\count85
\c@figure=\count86
\c@table=\count87
\abovecaptionskip=\skip41
\belowcaptionskip=\skip42
\bibindent=\dimen102
)
(C:\Users\michal\Documents\GitHub\szopinski-eads\docs\report\report.aux)
\openout1 = `report.aux'.

LaTeX Font Info:    Checking defaults for OML/cmm/m/it on input line 10.
LaTeX Font Info:    ... okay on input line 10.
LaTeX Font Info:    Checking defaults for T1/cmr/m/n on input line 10.
LaTeX Font Info:    ... okay on input line 10.
LaTeX Font Info:    Checking defaults for OT1/cmr/m/n on input line 10.
LaTeX Font Info:    ... okay on input line 10.
LaTeX Font Info:    Checking defaults for OMS/cmsy/m/n on input line 10.
LaTeX Font Info:    ... okay on input line 10.
LaTeX Font Info:    Checking defaults for OMX/cmex/m/n on input line 10.
LaTeX Font Info:    ... okay on input line 10.
LaTeX Font Info:    Checking defaults for U/cmr/m/n on input line 10.
LaTeX Font Info:    ... okay on input line 10.
LaTeX Font Info:    External font `cmex10' loaded for size
(Font)              <12> on input line 12.
LaTeX Font Info:    External font `cmex10' loaded for size
(Font)              <8> on input line 12.
LaTeX Font Info:    External font `cmex10' loaded for size
(Font)              <6> on input line 12.

[1

{C:/Users/michal/AppData/Local/MiKTeX/2.9/pdftex/config/pdftex.map}]
LaTeX Font Info:    External font `cmex10' loaded for size
(Font)              <7> on input line 85.
LaTeX Font Info:    External font `cmex10' loaded for size
(Font)              <5> on input line 85.
 [2]
Overfull \hbox (11.99689pt too wide) in paragraph at lines 141--141
[]\OT1/cmtt/m/n/10 for (it = mySequence.begin("his key"); it != mySequence.end(
); ++it)[] 
 []

[3]
Overfull \hbox (1.49698pt too wide) in paragraph at lines 181--181
[]\OT1/cmtt/m/n/10 mySequence.push_back(3, buffer); //100 MB allocated on the h
eap by[] 
 []


Overfull \hbox (1.49698pt too wide) in paragraph at lines 196--196
[]\OT1/cmtt/m/n/10 mySequence.push_back(3, &buffer); //25 MB allocated on the h
eap by[] 
 []

[4] [5] [6]
LaTeX Font Info:    Try loading font information for OMS+cmr on input line 350.

 (D:\Programy\MiKTeX\tex/latex/base\omscmr.fd
File: omscmr.fd 2014/09/29 v2.5h Standard LaTeX font definitions
)
LaTeX Font Info:    Font shape `OMS/cmr/m/n' in size <10> not available
(Font)              Font shape `OMS/cmsy/m/n' tried instead on input line 350.
 [7] [8] [9]
(C:\Users\michal\Documents\GitHub\szopinski-eads\docs\report\report.aux) ) 
Here is how much of TeX's memory you used:
 261 strings out of 492895
 3391 string characters out of 3137684
 64667 words of memory out of 3000000
 4244 multiletter control sequences out of 15000+200000
 8747 words of font info for 32 fonts, out of 3000000 for 9000
 1141 hyphenation exceptions out of 8191
 23i,7n,19p,323b,249s stack positions out of 5000i,500n,10000p,200000b,50000s
<D:/P
rogramy/MiKTeX/fonts/type1/public/amsfonts/cm/cmbx10.pfb><D:/Programy/MiKTeX/fo
nts/type1/public/amsfonts/cm/cmbx12.pfb><D:/Programy/MiKTeX/fonts/type1/public/
amsfonts/cm/cmmi10.pfb><D:/Programy/MiKTeX/fonts/type1/public/amsfonts/cm/cmr10
.pfb><D:/Programy/MiKTeX/fonts/type1/public/amsfonts/cm/cmr12.pfb><D:/Programy/
MiKTeX/fonts/type1/public/amsfonts/cm/cmr17.pfb><D:/Programy/MiKTeX/fonts/type1
/public/amsfonts/cm/cmr7.pfb><D:/Programy/MiKTeX/fonts/type1/public/amsfonts/cm
/cmsy10.pfb><D:/Programy/MiKTeX/fonts/type1/public/amsfonts/cm/cmti10.pfb><D:/P
rogramy/MiKTeX/fonts/type1/public/amsfonts/cm/cmtt10.pfb><D:/Programy/MiKTeX/fo
nts/type1/public/amsfonts/cm/cmtt12.pfb>
Output written on C:\Users\michal\Documents\GitHub\szopinski-eads\docs\report\r
eport.pdf (9 pages, 151078 bytes).
PDF statistics:
 76 PDF objects out of 1000 (max. 8388607)
 0 named destinations out of 1000 (max. 500000)
 1 words of extra memory for PDF output out of 10000 (max. 10000000)

